c:\users\admin\desktop\info-u\verano\blackjack02\proyecto\proyecto\x64\debug\vc143.pdb
c:\users\admin\desktop\info-u\verano\blackjack02\proyecto\proyecto\x64\debug\vc143.idb
c:\users\admin\desktop\info-u\verano\blackjack02\proyecto\proyecto\x64\debug\nodoj.obj
c:\users\admin\desktop\info-u\verano\blackjack02\proyecto\proyecto\x64\debug\mazo.obj
c:\users\admin\desktop\info-u\verano\blackjack02\proyecto\proyecto\x64\debug\mano.obj
c:\users\admin\desktop\info-u\verano\blackjack02\proyecto\proyecto\x64\debug\main.obj
c:\users\admin\desktop\info-u\verano\blackjack02\proyecto\proyecto\x64\debug\listaj.obj
c:\users\admin\desktop\info-u\verano\blackjack02\proyecto\proyecto\x64\debug\jugadorgenerico.obj
c:\users\admin\desktop\info-u\verano\blackjack02\proyecto\proyecto\x64\debug\jugador.obj
c:\users\admin\desktop\info-u\verano\blackjack02\proyecto\proyecto\x64\debug\juego.obj
c:\users\admin\desktop\info-u\verano\blackjack02\proyecto\proyecto\x64\debug\dealer.obj
c:\users\admin\desktop\info-u\verano\blackjack02\proyecto\proyecto\x64\debug\carta.obj
c:\users\admin\desktop\info-u\verano\blackjack02\proyecto\x64\debug\proyecto.pdb
c:\users\admin\desktop\info-u\verano\blackjack02\proyecto\proyecto\x64\debug\proyecto.tlog\cl.command.1.tlog
c:\users\admin\desktop\info-u\verano\blackjack02\proyecto\proyecto\x64\debug\proyecto.tlog\cl.items.tlog
c:\users\admin\desktop\info-u\verano\blackjack02\proyecto\proyecto\x64\debug\proyecto.tlog\cl.read.1.tlog
c:\users\admin\desktop\info-u\verano\blackjack02\proyecto\proyecto\x64\debug\proyecto.tlog\cl.write.1.tlog
c:\users\admin\desktop\info-u\verano\blackjack02\proyecto\proyecto\x64\debug\proyecto.tlog\link.15196-cvtres.read.1.tlog
c:\users\admin\desktop\info-u\verano\blackjack02\proyecto\proyecto\x64\debug\proyecto.tlog\link.15196-cvtres.write.1.tlog
c:\users\admin\desktop\info-u\verano\blackjack02\proyecto\proyecto\x64\debug\proyecto.tlog\link.15196-rc.read.1.tlog
c:\users\admin\desktop\info-u\verano\blackjack02\proyecto\proyecto\x64\debug\proyecto.tlog\link.15196-rc.write.1.tlog
c:\users\admin\desktop\info-u\verano\blackjack02\proyecto\proyecto\x64\debug\proyecto.tlog\link.15196.read.1.tlog
c:\users\admin\desktop\info-u\verano\blackjack02\proyecto\proyecto\x64\debug\proyecto.tlog\link.15196.read.2.tlog
c:\users\admin\desktop\info-u\verano\blackjack02\proyecto\proyecto\x64\debug\proyecto.tlog\link.15196.write.1.tlog
c:\users\admin\desktop\info-u\verano\blackjack02\proyecto\proyecto\x64\debug\proyecto.tlog\link.command.1.tlog
c:\users\admin\desktop\info-u\verano\blackjack02\proyecto\proyecto\x64\debug\proyecto.tlog\link.read.1.tlog
c:\users\admin\desktop\info-u\verano\blackjack02\proyecto\proyecto\x64\debug\proyecto.tlog\link.write.1.tlog
